0 info it worked if it ends with ok
1 verbose cli [ 'C:\\Users\\jill.espejo\\Desktop\\intern\\r&d\\Angular\\NodeJSPortable\\App\\NodeJS\\node.exe',
1 verbose cli   'C:\\Users\\jill.espejo\\Desktop\\intern\\r&d\\Angular\\NodeJSPortable\\Data\\node_modules\\npm\\bin\\npm-cli.js',
1 verbose cli   'rebuild',
1 verbose cli   'node-sass' ]
2 info using npm@3.5.3
3 info using node@v5.7.0
4 info readInstalled object
5 verbose rebuild path, id [ 'C:\\projects\\songlisterr_lite\\node_modules\\gulp-sass\\node_modules\\node-sass',
5 verbose rebuild   'node-sass@3.10.1' ]
6 silly rebuild set [ 'C:\\projects\\songlisterr_lite\\node_modules\\gulp-sass\\node_modules\\node-sass' ]
7 info build C:\projects\songlisterr_lite\node_modules\gulp-sass\node_modules\node-sass
8 info lifecycle node-sass@3.10.1~preinstall: node-sass@3.10.1
9 silly lifecycle node-sass@3.10.1~preinstall: no script for preinstall, continuing
10 info linkStuff node-sass@3.10.1
11 silly linkStuff node-sass@3.10.1 has C:\projects\songlisterr_lite\node_modules\gulp-sass\node_modules as its parent node_modules
12 verbose linkBins node-sass@3.10.1
13 verbose link bins [ { 'node-sass': 'bin/node-sass' },
13 verbose link bins   'C:\\projects\\songlisterr_lite\\node_modules\\gulp-sass\\node_modules\\.bin',
13 verbose link bins   false ]
14 verbose linkMans node-sass@3.10.1
15 verbose rebuildBundles node-sass@3.10.1
16 verbose rebuildBundles [ '.bin',
16 verbose rebuildBundles   'async-foreach',
16 verbose rebuildBundles   'cross-spawn',
16 verbose rebuildBundles   'gaze',
16 verbose rebuildBundles   'get-stdin',
16 verbose rebuildBundles   'glob',
16 verbose rebuildBundles   'in-publish',
16 verbose rebuildBundles   'lodash.assign',
16 verbose rebuildBundles   'meow',
16 verbose rebuildBundles   'nan',
16 verbose rebuildBundles   'node-gyp',
16 verbose rebuildBundles   'npmlog',
16 verbose rebuildBundles   'request',
16 verbose rebuildBundles   'sass-graph' ]
17 info lifecycle node-sass@3.10.1~install: node-sass@3.10.1
18 verbose lifecycle node-sass@3.10.1~install: unsafe-perm in lifecycle true
19 verbose lifecycle node-sass@3.10.1~install: PATH: C:\Users\jill.espejo\Desktop\intern\r&d\Angular\NodeJSPortable\Data\node_modules\npm\bin\node-gyp-bin;C:\projects\songlisterr_lite\node_modules\gulp-sass\node_modules\node-sass\node_modules\.bin;C:\projects\songlisterr_lite\node_modules\gulp-sass\node_modules\.bin;C:\projects\songlisterr_lite\node_modules\.bin;C:\Users\jill.espejo\Desktop\intern\r&d\Angular\NodeJSPortable\App\NodeJS;C:\Users\jill.espejo\Desktop\intern\r&d\Angular\NodeJSPortable\Data;C:\ProgramData\Oracle\Java\javapath;C:\Program Files (x86)\Intel\iCLS Client\;C:\Program Files\Intel\iCLS Client\;C:\Windows\system32;C:\Windows;C:\Windows\System32\Wbem;C:\Windows\System32\WindowsPowerShell\v1.0\;C:\Program Files (x86)\Intel\OpenCL SDK\2.0\bin\x86;C:\Program Files (x86)\Intel\OpenCL SDK\2.0\bin\x64;C:\Program Files (x86)\Common Files\lenovo\easyplussdk\bin;C:\Program Files\Intel\Intel(R) Management Engine Components\DAL;C:\Program Files\Intel\Intel(R) Management Engine Components\IPT;C:\Program Files (x86)\Intel\Intel(R) Management Engine Components\DAL;C:\Program Files (x86)\Intel\Intel(R) Management Engine Components\IPT;C:\Program Files\KONICA MINOLTA\PageScope Box Operator3\;C:\Program Files\nodejs\;C:\xampp\php;C:\Program Files\Java\jre1.8.0_45\bin;C:\Program Files (x86)\Skype\Phone\;C:\ProgramData\Oracle\Java\javapath;C:\Program Files (x86)\Intel\iCLS Client\;C:\Program Files\Intel\iCLS Client\;C:\Windows\system32;C:\Windows;C:\Windows\System32\Wbem;C:\Windows\System32\WindowsPowerShell\v1.0\;C:\Program Files (x86)\Intel\OpenCL SDK\2.0\bin\x86;C:\Program Files (x86)\Intel\OpenCL SDK\2.0\bin\x64;C:\Program Files (x86)\Common Files\lenovo\easyplussdk\bin;C:\Program Files\Intel\Intel(R) Management Engine Components\DAL;C:\Program Files\Intel\Intel(R) Management Engine Components\IPT;C:\Program Files (x86)\Intel\Intel(R) Management Engine Components\DAL;C:\Program Files (x86)\Intel\Intel(R) Management Engine Components\IPT;C:\Program Files\KONICA MINOLTA\PageScope Box Operator3\;C:\Program Files (x86)\Skype\Phone\;C:\Program Files\nodejs\;C:\xampp\php;C:\Program Files\Java\jre1.8.0_45\bin;C:\Users\jill.espejo\AppData\Local\Programs\Git\cmd;C:\Users\jill.espejo\AppData\Local\Programs\Git\bin
20 verbose lifecycle node-sass@3.10.1~install: CWD: C:\projects\songlisterr_lite\node_modules\gulp-sass\node_modules\node-sass
21 silly lifecycle node-sass@3.10.1~install: Args: [ '/d /s /c', 'node scripts/install.js' ]
22 silly lifecycle node-sass@3.10.1~install: Returned: code: 0  signal: null
23 info lifecycle node-sass@3.10.1~postinstall: node-sass@3.10.1
24 verbose lifecycle node-sass@3.10.1~postinstall: unsafe-perm in lifecycle true
25 verbose lifecycle node-sass@3.10.1~postinstall: PATH: C:\Users\jill.espejo\Desktop\intern\r&d\Angular\NodeJSPortable\Data\node_modules\npm\bin\node-gyp-bin;C:\projects\songlisterr_lite\node_modules\gulp-sass\node_modules\node-sass\node_modules\.bin;C:\projects\songlisterr_lite\node_modules\gulp-sass\node_modules\.bin;C:\projects\songlisterr_lite\node_modules\.bin;C:\Users\jill.espejo\Desktop\intern\r&d\Angular\NodeJSPortable\App\NodeJS;C:\Users\jill.espejo\Desktop\intern\r&d\Angular\NodeJSPortable\Data;C:\ProgramData\Oracle\Java\javapath;C:\Program Files (x86)\Intel\iCLS Client\;C:\Program Files\Intel\iCLS Client\;C:\Windows\system32;C:\Windows;C:\Windows\System32\Wbem;C:\Windows\System32\WindowsPowerShell\v1.0\;C:\Program Files (x86)\Intel\OpenCL SDK\2.0\bin\x86;C:\Program Files (x86)\Intel\OpenCL SDK\2.0\bin\x64;C:\Program Files (x86)\Common Files\lenovo\easyplussdk\bin;C:\Program Files\Intel\Intel(R) Management Engine Components\DAL;C:\Program Files\Intel\Intel(R) Management Engine Components\IPT;C:\Program Files (x86)\Intel\Intel(R) Management Engine Components\DAL;C:\Program Files (x86)\Intel\Intel(R) Management Engine Components\IPT;C:\Program Files\KONICA MINOLTA\PageScope Box Operator3\;C:\Program Files\nodejs\;C:\xampp\php;C:\Program Files\Java\jre1.8.0_45\bin;C:\Program Files (x86)\Skype\Phone\;C:\ProgramData\Oracle\Java\javapath;C:\Program Files (x86)\Intel\iCLS Client\;C:\Program Files\Intel\iCLS Client\;C:\Windows\system32;C:\Windows;C:\Windows\System32\Wbem;C:\Windows\System32\WindowsPowerShell\v1.0\;C:\Program Files (x86)\Intel\OpenCL SDK\2.0\bin\x86;C:\Program Files (x86)\Intel\OpenCL SDK\2.0\bin\x64;C:\Program Files (x86)\Common Files\lenovo\easyplussdk\bin;C:\Program Files\Intel\Intel(R) Management Engine Components\DAL;C:\Program Files\Intel\Intel(R) Management Engine Components\IPT;C:\Program Files (x86)\Intel\Intel(R) Management Engine Components\DAL;C:\Program Files (x86)\Intel\Intel(R) Management Engine Components\IPT;C:\Program Files\KONICA MINOLTA\PageScope Box Operator3\;C:\Program Files (x86)\Skype\Phone\;C:\Program Files\nodejs\;C:\xampp\php;C:\Program Files\Java\jre1.8.0_45\bin;C:\Users\jill.espejo\AppData\Local\Programs\Git\cmd;C:\Users\jill.espejo\AppData\Local\Programs\Git\bin
26 verbose lifecycle node-sass@3.10.1~postinstall: CWD: C:\projects\songlisterr_lite\node_modules\gulp-sass\node_modules\node-sass
27 silly lifecycle node-sass@3.10.1~postinstall: Args: [ '/d /s /c', 'node scripts/build.js' ]
28 silly lifecycle node-sass@3.10.1~postinstall: Returned: code: 1  signal: null
29 info lifecycle node-sass@3.10.1~postinstall: Failed to exec postinstall script
30 verbose stack Error: node-sass@3.10.1 postinstall: `node scripts/build.js`
30 verbose stack Exit status 1
30 verbose stack     at EventEmitter.<anonymous> (C:\Users\jill.espejo\Desktop\intern\r&d\Angular\NodeJSPortable\Data\node_modules\npm\lib\utils\lifecycle.js:232:16)
30 verbose stack     at emitTwo (events.js:100:13)
30 verbose stack     at EventEmitter.emit (events.js:185:7)
30 verbose stack     at ChildProcess.<anonymous> (C:\Users\jill.espejo\Desktop\intern\r&d\Angular\NodeJSPortable\Data\node_modules\npm\lib\utils\spawn.js:24:14)
30 verbose stack     at emitTwo (events.js:100:13)
30 verbose stack     at ChildProcess.emit (events.js:185:7)
30 verbose stack     at maybeClose (internal/child_process.js:827:16)
30 verbose stack     at Process.ChildProcess._handle.onexit (internal/child_process.js:211:5)
31 verbose pkgid node-sass@3.10.1
32 verbose cwd C:\projects\songlisterr_lite
33 error Windows_NT 6.1.7601
34 error argv "C:\\Users\\jill.espejo\\Desktop\\intern\\r&d\\Angular\\NodeJSPortable\\App\\NodeJS\\node.exe" "C:\\Users\\jill.espejo\\Desktop\\intern\\r&d\\Angular\\NodeJSPortable\\Data\\node_modules\\npm\\bin\\npm-cli.js" "rebuild" "node-sass"
35 error node v5.7.0
36 error npm  v3.5.3
37 error code ELIFECYCLE
38 error node-sass@3.10.1 postinstall: `node scripts/build.js`
38 error Exit status 1
39 error Failed at the node-sass@3.10.1 postinstall script 'node scripts/build.js'.
39 error Make sure you have the latest version of node.js and npm installed.
39 error If you do, this is most likely a problem with the node-sass package,
39 error not with npm itself.
39 error Tell the author that this fails on your system:
39 error     node scripts/build.js
39 error You can get information on how to open an issue for this project with:
39 error     npm bugs node-sass
39 error Or if that isn't available, you can get their info via:
39 error     npm owner ls node-sass
39 error There is likely additional logging output above.
40 verbose exit [ 1, true ]
